---------------------------------------------
1 ROUGE-1 Average_R: 0.21649 (95%-conf.int. 0.19317 - 0.23907)
1 ROUGE-1 Average_P: 0.25296 (95%-conf.int. 0.22556 - 0.27941)
1 ROUGE-1 Average_F: 0.23119 (95%-conf.int. 0.20793 - 0.25462)
.............................................
1 ROUGE-1 Eval D1001-A.M.100.A.1 R:0.23045 P:0.26415 F:0.24615
1 ROUGE-1 Eval D1002-A.M.100.A.1 R:0.22176 P:0.29444 F:0.25298
1 ROUGE-1 Eval D1003-A.M.100.A.1 R:0.16017 P:0.21023 F:0.18182
1 ROUGE-1 Eval D1004-A.M.100.A.1 R:0.25620 P:0.28182 F:0.26840
1 ROUGE-1 Eval D1005-A.M.100.A.1 R:0.13525 P:0.12891 F:0.13200
1 ROUGE-1 Eval D1006-A.M.100.A.1 R:0.13410 P:0.41667 F:0.20290
1 ROUGE-1 Eval D1007-A.M.100.B.1 R:0.26667 P:0.28846 F:0.27714
1 ROUGE-1 Eval D1008-A.M.100.B.1 R:0.12903 P:0.17391 F:0.14815
1 ROUGE-1 Eval D1009-A.M.100.B.1 R:0.24779 P:0.25926 F:0.25340
1 ROUGE-1 Eval D1010-A.M.100.B.1 R:0.22800 P:0.25909 F:0.24255
1 ROUGE-1 Eval D1011-A.M.100.C.1 R:0.20259 P:0.26111 F:0.22816
1 ROUGE-1 Eval D1012-A.M.100.C.1 R:0.21138 P:0.22034 F:0.21577
1 ROUGE-1 Eval D1013-A.M.100.C.1 R:0.25301 P:0.23864 F:0.24561
1 ROUGE-1 Eval D1014-A.M.100.C.1 R:0.16736 P:0.16129 F:0.16427
1 ROUGE-1 Eval D1015-A.M.100.C.1 R:0.13585 P:0.13235 F:0.13408
1 ROUGE-1 Eval D1016-A.M.100.C.1 R:0.34529 P:0.29615 F:0.31884
1 ROUGE-1 Eval D1017-A.M.100.D.1 R:0.17959 P:0.19643 F:0.18763
1 ROUGE-1 Eval D1018-A.M.100.D.1 R:0.27615 P:0.32353 F:0.29797
1 ROUGE-1 Eval D1019-A.M.100.D.1 R:0.30417 P:0.35096 F:0.32589
1 ROUGE-1 Eval D1020-A.M.100.D.1 R:0.13223 P:0.16327 F:0.14612
1 ROUGE-1 Eval D1021-A.M.100.D.1 R:0.19492 P:0.19167 F:0.19328
1 ROUGE-1 Eval D1022-A.M.100.D.1 R:0.40586 P:0.44091 F:0.42266
1 ROUGE-1 Eval D1023-A.M.100.E.1 R:0.15702 P:0.17273 F:0.16450
1 ROUGE-1 Eval D1024-A.M.100.E.1 R:0.23750 P:0.30978 F:0.26887
1 ROUGE-1 Eval D1025-A.M.100.E.1 R:0.20796 P:0.25000 F:0.22705
1 ROUGE-1 Eval D1026-A.M.100.E.1 R:0.15812 P:0.17788 F:0.16742
1 ROUGE-1 Eval D1027-A.M.100.E.1 R:0.39683 P:0.50000 F:0.44248
1 ROUGE-1 Eval D1028-A.M.100.E.1 R:0.28750 P:0.38333 F:0.32857
1 ROUGE-1 Eval D1029-A.M.100.F.1 R:0.21667 P:0.25490 F:0.23424
1 ROUGE-1 Eval D1030-A.M.100.F.1 R:0.07937 P:0.11905 F:0.09524
1 ROUGE-1 Eval D1031-A.M.100.F.1 R:0.07347 P:0.07895 F:0.07611
1 ROUGE-1 Eval D1032-A.M.100.F.1 R:0.18702 P:0.29167 F:0.22791
1 ROUGE-1 Eval D1033-A.M.100.F.1 R:0.27273 P:0.23913 F:0.25483
1 ROUGE-1 Eval D1034-A.M.100.F.1 R:0.03292 P:0.03704 F:0.03486
1 ROUGE-1 Eval D1035-A.M.100.G.1 R:0.27642 P:0.29825 F:0.28692
1 ROUGE-1 Eval D1036-A.M.100.G.1 R:0.20000 P:0.26630 F:0.22844
1 ROUGE-1 Eval D1037-A.M.100.G.1 R:0.18981 P:0.19712 F:0.19340
1 ROUGE-1 Eval D1038-A.M.100.G.1 R:0.20784 P:0.25000 F:0.22698
1 ROUGE-1 Eval D1039-A.M.100.G.1 R:0.23673 P:0.29592 F:0.26304
1 ROUGE-1 Eval D1040-A.M.100.G.1 R:0.22553 P:0.33974 F:0.27110
1 ROUGE-1 Eval D1041-A.M.100.H.1 R:0.20079 P:0.20902 F:0.20482
1 ROUGE-1 Eval D1042-A.M.100.H.1 R:0.26906 P:0.30000 F:0.28369
1 ROUGE-1 Eval D1043-A.M.100.H.1 R:0.32627 P:0.35000 F:0.33772
1 ROUGE-1 Eval D1044-A.M.100.H.1 R:0.35443 P:0.38182 F:0.36762
1 ROUGE-1 Eval D1045-A.M.100.H.1 R:0.18898 P:0.23077 F:0.20779
1 ROUGE-1 Eval D1046-A.M.100.H.1 R:0.13780 P:0.14113 F:0.13945
---------------------------------------------
1 ROUGE-2 Average_R: 0.06145 (95%-conf.int. 0.05001 - 0.07371)
1 ROUGE-2 Average_P: 0.07267 (95%-conf.int. 0.05921 - 0.08653)
1 ROUGE-2 Average_F: 0.06588 (95%-conf.int. 0.05381 - 0.07839)
.............................................
1 ROUGE-2 Eval D1001-A.M.100.A.1 R:0.06276 P:0.07212 F:0.06712
1 ROUGE-2 Eval D1002-A.M.100.A.1 R:0.08936 P:0.11932 F:0.10219
1 ROUGE-2 Eval D1003-A.M.100.A.1 R:0.04405 P:0.05814 F:0.05012
1 ROUGE-2 Eval D1004-A.M.100.A.1 R:0.05882 P:0.06481 F:0.06167
1 ROUGE-2 Eval D1005-A.M.100.A.1 R:0.06250 P:0.05952 F:0.06097
1 ROUGE-2 Eval D1006-A.M.100.A.1 R:0.04669 P:0.15000 F:0.07121
1 ROUGE-2 Eval D1007-A.M.100.B.1 R:0.09050 P:0.09804 F:0.09412
1 ROUGE-2 Eval D1008-A.M.100.B.1 R:0.03689 P:0.05000 F:0.04246
1 ROUGE-2 Eval D1009-A.M.100.B.1 R:0.07658 P:0.08019 F:0.07834
1 ROUGE-2 Eval D1010-A.M.100.B.1 R:0.06504 P:0.07407 F:0.06926
1 ROUGE-2 Eval D1011-A.M.100.C.1 R:0.04825 P:0.06250 F:0.05446
1 ROUGE-2 Eval D1012-A.M.100.C.1 R:0.02066 P:0.02155 F:0.02110
1 ROUGE-2 Eval D1013-A.M.100.C.1 R:0.11020 P:0.10385 F:0.10693
1 ROUGE-2 Eval D1014-A.M.100.C.1 R:0.02553 P:0.02459 F:0.02505
1 ROUGE-2 Eval D1015-A.M.100.C.1 R:0.02299 P:0.02239 F:0.02269
1 ROUGE-2 Eval D1016-A.M.100.C.1 R:0.06393 P:0.05469 F:0.05895
1 ROUGE-2 Eval D1017-A.M.100.D.1 R:0.03320 P:0.03636 F:0.03471
1 ROUGE-2 Eval D1018-A.M.100.D.1 R:0.10638 P:0.12500 F:0.11494
1 ROUGE-2 Eval D1019-A.M.100.D.1 R:0.07203 P:0.08333 F:0.07727
1 ROUGE-2 Eval D1020-A.M.100.D.1 R:0.01261 P:0.01562 F:0.01395
1 ROUGE-2 Eval D1021-A.M.100.D.1 R:0.04310 P:0.04237 F:0.04273
1 ROUGE-2 Eval D1022-A.M.100.D.1 R:0.13617 P:0.14815 F:0.14191
1 ROUGE-2 Eval D1023-A.M.100.E.1 R:0.01261 P:0.01389 F:0.01322
1 ROUGE-2 Eval D1024-A.M.100.E.1 R:0.04661 P:0.06111 F:0.05288
1 ROUGE-2 Eval D1025-A.M.100.E.1 R:0.05405 P:0.06522 F:0.05911
1 ROUGE-2 Eval D1026-A.M.100.E.1 R:0.05217 P:0.05882 F:0.05530
1 ROUGE-2 Eval D1027-A.M.100.E.1 R:0.17339 P:0.21939 F:0.19370
1 ROUGE-2 Eval D1028-A.M.100.E.1 R:0.10593 P:0.14205 F:0.12136
1 ROUGE-2 Eval D1029-A.M.100.F.1 R:0.03814 P:0.04500 F:0.04129
1 ROUGE-2 Eval D1030-A.M.100.F.1 R:0.00000 P:0.00000 F:0.00000
1 ROUGE-2 Eval D1031-A.M.100.F.1 R:0.00000 P:0.00000 F:0.00000
1 ROUGE-2 Eval D1032-A.M.100.F.1 R:0.06589 P:0.10366 F:0.08057
1 ROUGE-2 Eval D1033-A.M.100.F.1 R:0.10084 P:0.08824 F:0.09412
1 ROUGE-2 Eval D1034-A.M.100.F.1 R:0.00000 P:0.00000 F:0.00000
1 ROUGE-2 Eval D1035-A.M.100.G.1 R:0.10744 P:0.11607 F:0.11159
1 ROUGE-2 Eval D1036-A.M.100.G.1 R:0.01660 P:0.02222 F:0.01900
1 ROUGE-2 Eval D1037-A.M.100.G.1 R:0.01887 P:0.01961 F:0.01923
1 ROUGE-2 Eval D1038-A.M.100.G.1 R:0.03187 P:0.03846 F:0.03486
1 ROUGE-2 Eval D1039-A.M.100.G.1 R:0.09129 P:0.11458 F:0.10162
1 ROUGE-2 Eval D1040-A.M.100.G.1 R:0.08225 P:0.12500 F:0.09922
1 ROUGE-2 Eval D1041-A.M.100.H.1 R:0.07600 P:0.07917 F:0.07755
1 ROUGE-2 Eval D1042-A.M.100.H.1 R:0.08219 P:0.09184 F:0.08675
1 ROUGE-2 Eval D1043-A.M.100.H.1 R:0.12500 P:0.13426 F:0.12946
1 ROUGE-2 Eval D1044-A.M.100.H.1 R:0.12446 P:0.13426 F:0.12917
1 ROUGE-2 Eval D1045-A.M.100.H.1 R:0.05600 P:0.06863 F:0.06168
1 ROUGE-2 Eval D1046-A.M.100.H.1 R:0.02000 P:0.02049 F:0.02024
