---------------------------------------------
1 ROUGE-1 Average_R: 0.25856 (95%-conf.int. 0.23975 - 0.27802)
1 ROUGE-1 Average_P: 0.29274 (95%-conf.int. 0.27108 - 0.31487)
1 ROUGE-1 Average_F: 0.27378 (95%-conf.int. 0.25394 - 0.29396)
.............................................
1 ROUGE-1 Eval D1001-A.M.100.A.1 R:0.29218 P:0.30085 F:0.29645
1 ROUGE-1 Eval D1002-A.M.100.A.1 R:0.31799 P:0.30645 F:0.31211
1 ROUGE-1 Eval D1003-A.M.100.A.1 R:0.22944 P:0.23246 F:0.23094
1 ROUGE-1 Eval D1004-A.M.100.A.1 R:0.21074 P:0.24519 F:0.22666
1 ROUGE-1 Eval D1005-A.M.100.A.1 R:0.16393 P:0.17857 F:0.17094
1 ROUGE-1 Eval D1006-A.M.100.A.1 R:0.29119 P:0.35849 F:0.32135
1 ROUGE-1 Eval D1007-A.M.100.B.1 R:0.20889 P:0.25543 F:0.22983
1 ROUGE-1 Eval D1008-A.M.100.B.1 R:0.16129 P:0.25641 F:0.19802
1 ROUGE-1 Eval D1009-A.M.100.B.1 R:0.30973 P:0.31818 F:0.31390
1 ROUGE-1 Eval D1010-A.M.100.B.1 R:0.28400 P:0.29583 F:0.28979
1 ROUGE-1 Eval D1011-A.M.100.C.1 R:0.19828 P:0.25556 F:0.22331
1 ROUGE-1 Eval D1012-A.M.100.C.1 R:0.26829 P:0.27049 F:0.26939
1 ROUGE-1 Eval D1013-A.M.100.C.1 R:0.29317 P:0.38830 F:0.33410
1 ROUGE-1 Eval D1014-A.M.100.C.1 R:0.19247 P:0.20909 F:0.20044
1 ROUGE-1 Eval D1015-A.M.100.C.1 R:0.31321 P:0.37727 F:0.34227
1 ROUGE-1 Eval D1016-A.M.100.C.1 R:0.31839 P:0.42262 F:0.36317
1 ROUGE-1 Eval D1017-A.M.100.D.1 R:0.27755 P:0.28814 F:0.28275
1 ROUGE-1 Eval D1018-A.M.100.D.1 R:0.20502 P:0.24500 F:0.22323
1 ROUGE-1 Eval D1019-A.M.100.D.1 R:0.33750 P:0.36818 F:0.35217
1 ROUGE-1 Eval D1020-A.M.100.D.1 R:0.14463 P:0.13889 F:0.14170
1 ROUGE-1 Eval D1021-A.M.100.D.1 R:0.33051 P:0.39796 F:0.36111
1 ROUGE-1 Eval D1022-A.M.100.D.1 R:0.35565 P:0.41667 F:0.38375
1 ROUGE-1 Eval D1023-A.M.100.E.1 R:0.15289 P:0.17453 F:0.16299
1 ROUGE-1 Eval D1024-A.M.100.E.1 R:0.40000 P:0.41379 F:0.40678
1 ROUGE-1 Eval D1025-A.M.100.E.1 R:0.25221 P:0.28500 F:0.26760
1 ROUGE-1 Eval D1026-A.M.100.E.1 R:0.23504 P:0.24123 F:0.23809
1 ROUGE-1 Eval D1027-A.M.100.E.1 R:0.36111 P:0.41364 F:0.38559
1 ROUGE-1 Eval D1028-A.M.100.E.1 R:0.33333 P:0.40816 F:0.36697
1 ROUGE-1 Eval D1029-A.M.100.F.1 R:0.17917 P:0.19545 F:0.18696
1 ROUGE-1 Eval D1030-A.M.100.F.1 R:0.19444 P:0.20763 F:0.20082
1 ROUGE-1 Eval D1031-A.M.100.F.1 R:0.23265 P:0.26389 F:0.24729
1 ROUGE-1 Eval D1032-A.M.100.F.1 R:0.30534 P:0.35088 F:0.32653
1 ROUGE-1 Eval D1033-A.M.100.F.1 R:0.31405 P:0.30159 F:0.30769
1 ROUGE-1 Eval D1034-A.M.100.F.1 R:0.13169 P:0.14815 F:0.13944
1 ROUGE-1 Eval D1035-A.M.100.G.1 R:0.26829 P:0.39286 F:0.31884
1 ROUGE-1 Eval D1036-A.M.100.G.1 R:0.22041 P:0.22881 F:0.22453
1 ROUGE-1 Eval D1037-A.M.100.G.1 R:0.27778 P:0.29412 F:0.28572
1 ROUGE-1 Eval D1038-A.M.100.G.1 R:0.16078 P:0.17982 F:0.16977
1 ROUGE-1 Eval D1039-A.M.100.G.1 R:0.21633 P:0.24091 F:0.22796
1 ROUGE-1 Eval D1040-A.M.100.G.1 R:0.25106 P:0.27315 F:0.26164
1 ROUGE-1 Eval D1041-A.M.100.H.1 R:0.27559 P:0.35000 F:0.30837
1 ROUGE-1 Eval D1042-A.M.100.H.1 R:0.20628 P:0.21296 F:0.20957
1 ROUGE-1 Eval D1043-A.M.100.H.1 R:0.30085 P:0.30085 F:0.30085
1 ROUGE-1 Eval D1044-A.M.100.H.1 R:0.33333 P:0.35268 F:0.34273
1 ROUGE-1 Eval D1045-A.M.100.H.1 R:0.38583 P:0.41525 F:0.40000
1 ROUGE-1 Eval D1046-A.M.100.H.1 R:0.19685 P:0.27778 F:0.23042
---------------------------------------------
1 ROUGE-2 Average_R: 0.08042 (95%-conf.int. 0.06896 - 0.09152)
1 ROUGE-2 Average_P: 0.09164 (95%-conf.int. 0.07816 - 0.10460)
1 ROUGE-2 Average_F: 0.08539 (95%-conf.int. 0.07288 - 0.09713)
.............................................
1 ROUGE-2 Eval D1001-A.M.100.A.1 R:0.10879 P:0.11207 F:0.11041
1 ROUGE-2 Eval D1002-A.M.100.A.1 R:0.11915 P:0.11475 F:0.11691
1 ROUGE-2 Eval D1003-A.M.100.A.1 R:0.05286 P:0.05357 F:0.05321
1 ROUGE-2 Eval D1004-A.M.100.A.1 R:0.05462 P:0.06373 F:0.05882
1 ROUGE-2 Eval D1005-A.M.100.A.1 R:0.06250 P:0.06818 F:0.06522
1 ROUGE-2 Eval D1006-A.M.100.A.1 R:0.08171 P:0.10096 F:0.09032
1 ROUGE-2 Eval D1007-A.M.100.B.1 R:0.06335 P:0.07778 F:0.06983
1 ROUGE-2 Eval D1008-A.M.100.B.1 R:0.04918 P:0.07895 F:0.06061
1 ROUGE-2 Eval D1009-A.M.100.B.1 R:0.12162 P:0.12500 F:0.12329
1 ROUGE-2 Eval D1010-A.M.100.B.1 R:0.12195 P:0.12712 F:0.12448
1 ROUGE-2 Eval D1011-A.M.100.C.1 R:0.05702 P:0.07386 F:0.06436
1 ROUGE-2 Eval D1012-A.M.100.C.1 R:0.06198 P:0.06250 F:0.06224
1 ROUGE-2 Eval D1013-A.M.100.C.1 R:0.15510 P:0.20652 F:0.17715
1 ROUGE-2 Eval D1014-A.M.100.C.1 R:0.01277 P:0.01389 F:0.01331
1 ROUGE-2 Eval D1015-A.M.100.C.1 R:0.11111 P:0.13426 F:0.12159
1 ROUGE-2 Eval D1016-A.M.100.C.1 R:0.09589 P:0.12805 F:0.10966
1 ROUGE-2 Eval D1017-A.M.100.D.1 R:0.04979 P:0.05172 F:0.05074
1 ROUGE-2 Eval D1018-A.M.100.D.1 R:0.08936 P:0.10714 F:0.09745
1 ROUGE-2 Eval D1019-A.M.100.D.1 R:0.07203 P:0.07870 F:0.07522
1 ROUGE-2 Eval D1020-A.M.100.D.1 R:0.03782 P:0.03629 F:0.03704
1 ROUGE-2 Eval D1021-A.M.100.D.1 R:0.12500 P:0.15104 F:0.13679
1 ROUGE-2 Eval D1022-A.M.100.D.1 R:0.14043 P:0.16500 F:0.15173
1 ROUGE-2 Eval D1023-A.M.100.E.1 R:0.01261 P:0.01442 F:0.01345
1 ROUGE-2 Eval D1024-A.M.100.E.1 R:0.13559 P:0.14035 F:0.13793
1 ROUGE-2 Eval D1025-A.M.100.E.1 R:0.11261 P:0.12755 F:0.11962
1 ROUGE-2 Eval D1026-A.M.100.E.1 R:0.08696 P:0.08929 F:0.08811
1 ROUGE-2 Eval D1027-A.M.100.E.1 R:0.15323 P:0.17593 F:0.16380
1 ROUGE-2 Eval D1028-A.M.100.E.1 R:0.12288 P:0.15104 F:0.13551
1 ROUGE-2 Eval D1029-A.M.100.F.1 R:0.04237 P:0.04630 F:0.04425
1 ROUGE-2 Eval D1030-A.M.100.F.1 R:0.02823 P:0.03017 F:0.02917
1 ROUGE-2 Eval D1031-A.M.100.F.1 R:0.06639 P:0.07547 F:0.07064
1 ROUGE-2 Eval D1032-A.M.100.F.1 R:0.08527 P:0.09821 F:0.09128
1 ROUGE-2 Eval D1033-A.M.100.F.1 R:0.09244 P:0.08871 F:0.09054
1 ROUGE-2 Eval D1034-A.M.100.F.1 R:0.02092 P:0.02358 F:0.02217
1 ROUGE-2 Eval D1035-A.M.100.G.1 R:0.08678 P:0.12805 F:0.10345
1 ROUGE-2 Eval D1036-A.M.100.G.1 R:0.02075 P:0.02155 F:0.02114
1 ROUGE-2 Eval D1037-A.M.100.G.1 R:0.05189 P:0.05500 F:0.05340
1 ROUGE-2 Eval D1038-A.M.100.G.1 R:0.05179 P:0.05804 F:0.05474
1 ROUGE-2 Eval D1039-A.M.100.G.1 R:0.05394 P:0.06019 F:0.05689
1 ROUGE-2 Eval D1040-A.M.100.G.1 R:0.03463 P:0.03774 F:0.03612
1 ROUGE-2 Eval D1041-A.M.100.H.1 R:0.11200 P:0.14286 F:0.12556
1 ROUGE-2 Eval D1042-A.M.100.H.1 R:0.06393 P:0.06604 F:0.06497
1 ROUGE-2 Eval D1043-A.M.100.H.1 R:0.15086 P:0.15086 F:0.15086
1 ROUGE-2 Eval D1044-A.M.100.H.1 R:0.12876 P:0.13636 F:0.13245
1 ROUGE-2 Eval D1045-A.M.100.H.1 R:0.10000 P:0.10776 F:0.10374
1 ROUGE-2 Eval D1046-A.M.100.H.1 R:0.03200 P:0.04545 F:0.03756
